  test.hpp
C:\Users\Enma\Desktop\oms\order-system\Overlay\Renderer.hpp(32,26): warning C4244: 'argument': conversion from 'double' to 'float', possible loss of data
C:\Users\Enma\Desktop\oms\order-system\Overlay\Renderer.hpp(32,19): warning C4244: 'initializing': conversion from 'float' to 'int', possible loss of data
C:\Users\Enma\Desktop\oms\order-system\Overlay\Renderer.hpp(54,23): warning C4244: 'initializing': conversion from 'double' to 'float', possible loss of data
  Roboto-Medium.cpp
  Roboto-Medium.hpp
  imgui.cpp
  imgui_demo.cpp
  imgui_draw.cpp
  imgui_impl_dx11.cpp
  imgui_impl_win32.cpp
  imgui_tables.cpp
  imgui_widgets.cpp
  main.cpp
C:\Users\Enma\Desktop\oms\order-system\Overlay\Renderer.hpp(32,26): warning C4244: 'argument': conversion from 'double' to 'float', possible loss of data
C:\Users\Enma\Desktop\oms\order-system\Overlay\Renderer.hpp(32,19): warning C4244: 'initializing': conversion from 'float' to 'int', possible loss of data
C:\Users\Enma\Desktop\oms\order-system\Overlay\Renderer.hpp(54,23): warning C4244: 'initializing': conversion from 'double' to 'float', possible loss of data
C:\Users\Enma\Desktop\oms\order-system\API\order_book.hpp(57,33): warning C4267: 'argument': conversion from 'size_t' to 'int', possible loss of data
C:\Users\Enma\Desktop\oms\order-system\main.cpp(97,31): warning C4101: 'instrumentFetcher': unreferenced local variable
  Generating Code...
order-system\x64\Debug\Roboto-Medium.obj : warning LNK4042: object specified more than once; extras ignored
  order-system.vcxproj -> C:\Users\Enma\Desktop\oms\order-system\x64\Debug\order-system.exe
