c:\users\enma\desktop\oms\order-system\order-system\x64\release\vc143.pdb
c:\users\enma\desktop\oms\order-system\order-system\x64\release\main.obj
c:\users\enma\desktop\oms\order-system\order-system\x64\release\imgui_widgets.obj
c:\users\enma\desktop\oms\order-system\order-system\x64\release\imgui_tables.obj
c:\users\enma\desktop\oms\order-system\order-system\x64\release\imgui_impl_win32.obj
c:\users\enma\desktop\oms\order-system\order-system\x64\release\imgui_impl_dx11.obj
c:\users\enma\desktop\oms\order-system\order-system\x64\release\imgui_draw.obj
c:\users\enma\desktop\oms\order-system\order-system\x64\release\imgui_demo.obj
c:\users\enma\desktop\oms\order-system\order-system\x64\release\imgui.obj
c:\users\enma\desktop\oms\order-system\order-system\x64\release\roboto-medium.obj
c:\users\enma\desktop\oms\order-system\order-system\x64\release\test.obj
c:\users\enma\desktop\oms\order-system\x64\release\order-system.exe
c:\users\enma\desktop\oms\order-system\x64\release\order-system.pdb
c:\users\enma\desktop\oms\order-system\order-system\x64\release\order-system.ipdb
c:\users\enma\desktop\oms\order-system\order-system\x64\release\order-system.iobj
c:\users\enma\desktop\oms\order-system\order-system\x64\release\order-system.tlog\cl.command.1.tlog
c:\users\enma\desktop\oms\order-system\order-system\x64\release\order-system.tlog\cl.items.tlog
c:\users\enma\desktop\oms\order-system\order-system\x64\release\order-system.tlog\cl.read.1.tlog
c:\users\enma\desktop\oms\order-system\order-system\x64\release\order-system.tlog\cl.write.1.tlog
c:\users\enma\desktop\oms\order-system\order-system\x64\release\order-system.tlog\link.command.1.tlog
c:\users\enma\desktop\oms\order-system\order-system\x64\release\order-system.tlog\link.read.1.tlog
c:\users\enma\desktop\oms\order-system\order-system\x64\release\order-system.tlog\link.secondary.1.tlog
c:\users\enma\desktop\oms\order-system\order-system\x64\release\order-system.tlog\link.write.1.tlog
